<?xml version="1.0" encoding="UTF-8"?>
<!-- Generated by org.testng.reporters.JUnitXMLReporter -->
<testsuite ignored="0" hostname="DESKTOP-R646QC9" failures="0" tests="4" name="Surefire test" time="0.03" errors="0" timestamp="2024-09-30T10:20:26 IST">
  <testcase classname="pac1.ContactTest" name="createContactTest" time="0.002"/>
  <testcase classname="pac1.ContactTest" name="modifyContactTest" time="0.0"/>
  <testcase classname="pac2.OrgTest" name="createOrgTest" time="0.0"/>
  <testcase classname="pac2.OrgTest" name="modifyOrgTest" time="0.0"/>
</testsuite> <!-- Surefire test -->
